<?xml version="1.0" encoding="UTF-8"?>
<!-- Generated by org.testng.reporters.JUnitXMLReporter -->
<testsuite ignored="0" hostname="Laysan" failures="0" tests="13" name="Surefire test" time="8.201" errors="0" timestamp="2023-06-13T09:36:48 MDT">
  <testcase classname="api.test.DDTests" name="testPosrUser" time="1.905"/>
  <testcase classname="api.test.DDTests" name="testPosrUser" time="0.336"/>
  <testcase classname="api.test.DDTests" name="testPosrUser" time="0.332"/>
  <testcase classname="api.test.DDTests" name="testGetUserByName" time="0.353"/>
  <testcase classname="api.test.DDTests" name="testGetUserByName" time="0.343"/>
  <testcase classname="api.test.DDTests" name="testGetUserByName" time="0.331"/>
  <testcase classname="api.test.DDTests" name="testDeleteUserByName" time="0.331"/>
  <testcase classname="api.test.DDTests" name="testDeleteUserByName" time="0.324"/>
  <testcase classname="api.test.DDTests" name="testDeleteUserByName" time="0.319"/>
  <testcase classname="api.test.UserTests" name="TestPostUser" time="0.737"/>
  <testcase classname="api.test.UserTests" name="testGetUserByName" time="0.517"/>
  <testcase classname="api.test.UserTests" name="testUpdateUserBeName" time="0.726"/>
  <testcase classname="api.test.UserTests" name="testDeleteUserByName" time="0.345"/>
</testsuite> <!-- Surefire test -->
