<?xml version="1.0" encoding="UTF-8"?>
<!-- Generated by org.testng.reporters.JUnitXMLReporter -->
<testsuite ignored="0" hostname="Laysan" failures="0" tests="13" name="Surefire test" time="7.201" errors="0" timestamp="2023-06-12T16:26:51 MDT">
  <testcase classname="api.test.DDTests" name="testPosrUser" time="1.531"/>
  <testcase classname="api.test.DDTests" name="testPosrUser" time="0.32"/>
  <testcase classname="api.test.DDTests" name="testPosrUser" time="0.325"/>
  <testcase classname="api.test.DDTests" name="testGetUserByName" time="0.337"/>
  <testcase classname="api.test.DDTests" name="testGetUserByName" time="0.327"/>
  <testcase classname="api.test.DDTests" name="testGetUserByName" time="0.324"/>
  <testcase classname="api.test.DDTests" name="testDeleteUserByName" time="0.334"/>
  <testcase classname="api.test.DDTests" name="testDeleteUserByName" time="0.323"/>
  <testcase classname="api.test.DDTests" name="testDeleteUserByName" time="0.326"/>
  <testcase classname="api.test.UserTests" name="TestPostUser" time="0.649"/>
  <testcase classname="api.test.UserTests" name="testGetUserByName" time="0.326"/>
  <testcase classname="api.test.UserTests" name="testUpdateUserBeName" time="0.641"/>
  <testcase classname="api.test.UserTests" name="testDeleteUserByName" time="0.329"/>
</testsuite> <!-- Surefire test -->
