<?xml version="1.0" encoding="UTF-8"?>
<!-- Generated by org.testng.reporters.JUnitXMLReporter -->
<testsuite ignored="0" hostname="Laysan" failures="0" tests="9" name="DDTesting" time="5.491" errors="0" timestamp="2023-06-11T15:11:30 MDT">
  <testcase classname="api.test.DDTests" name="testPosrUser" time="1.581"/>
  <testcase classname="api.test.DDTests" name="testPosrUser" time="0.341"/>
  <testcase classname="api.test.DDTests" name="testPosrUser" time="0.339"/>
  <testcase classname="api.test.DDTests" name="testGetUserByName" time="0.373"/>
  <testcase classname="api.test.DDTests" name="testGetUserByName" time="0.338"/>
  <testcase classname="api.test.DDTests" name="testGetUserByName" time="0.325"/>
  <testcase classname="api.test.DDTests" name="testDeleteUserByName" time="0.323"/>
  <testcase classname="api.test.DDTests" name="testDeleteUserByName" time="0.326"/>
  <testcase classname="api.test.DDTests" name="testDeleteUserByName" time="0.333"/>
</testsuite> <!-- DDTesting -->
