<?xml version="1.0" encoding="UTF-8"?>
<!-- Generated by org.testng.reporters.JUnitXMLReporter -->
<testsuite ignored="0" hostname="Laysan" failures="0" tests="4" name="SmokeTest" time="4.274" errors="0" timestamp="2023-06-12T11:51:33 MDT">
  <testcase classname="api.test.UserTests2" name="TestPostUser" time="2.293"/>
  <testcase classname="api.test.UserTests2" name="testGetUserByName" time="0.354"/>
  <testcase classname="api.test.UserTests2" name="testUpdateUserBeName" time="0.65"/>
  <testcase classname="api.test.UserTests2" name="testDeleteUserByName" time="0.333"/>
</testsuite> <!-- SmokeTest -->
