<?xml version="1.0" encoding="UTF-8"?>
<testng-results ignored="0" total="13" passed="13" failed="0" skipped="0">
  <reporter-output>
  </reporter-output>
  <suite started-at="2023-06-13T09:36:40 MDT" name="Surefire suite" finished-at="2023-06-13T09:36:48 MDT" duration-ms="8201">
    <groups>
    </groups>
    <test started-at="2023-06-13T09:36:40 MDT" name="Surefire test" finished-at="2023-06-13T09:36:48 MDT" duration-ms="8201">
      <class name="api.test.UserTests">
        <test-method is-config="true" signature="setup()[pri:0, instance:api.test.UserTests@cad498c]" started-at="2023-06-13T09:36:46 MDT" name="setup" finished-at="2023-06-13T09:36:46 MDT" duration-ms="103" status="PASS">
          <reporter-output>
          </reporter-output>
        </test-method> <!-- setup -->
        <test-method signature="TestPostUser()[pri:1, instance:api.test.UserTests@cad498c]" started-at="2023-06-13T09:36:46 MDT" name="TestPostUser" finished-at="2023-06-13T09:36:46 MDT" duration-ms="737" status="PASS">
          <reporter-output>
          </reporter-output>
        </test-method> <!-- TestPostUser -->
        <test-method signature="testGetUserByName()[pri:2, instance:api.test.UserTests@cad498c]" started-at="2023-06-13T09:36:46 MDT" name="testGetUserByName" finished-at="2023-06-13T09:36:47 MDT" duration-ms="517" status="PASS">
          <reporter-output>
          </reporter-output>
        </test-method> <!-- testGetUserByName -->
        <test-method signature="testUpdateUserBeName()[pri:3, instance:api.test.UserTests@cad498c]" started-at="2023-06-13T09:36:47 MDT" name="testUpdateUserBeName" finished-at="2023-06-13T09:36:48 MDT" duration-ms="726" status="PASS">
          <reporter-output>
          </reporter-output>
        </test-method> <!-- testUpdateUserBeName -->
        <test-method signature="testDeleteUserByName()[pri:4, instance:api.test.UserTests@cad498c]" started-at="2023-06-13T09:36:48 MDT" name="testDeleteUserByName" finished-at="2023-06-13T09:36:48 MDT" duration-ms="345" status="PASS">
          <reporter-output>
          </reporter-output>
        </test-method> <!-- testDeleteUserByName -->
      </class> <!-- api.test.UserTests -->
      <class name="api.test.DDTests">
        <test-method signature="testPosrUser(java.lang.String,java.lang.String,java.lang.String,java.lang.String,java.lang.String,java.lang.String,java.lang.String)[pri:1, instance:api.test.DDTests@13b13b5d]" started-at="2023-06-13T09:36:41 MDT" name="testPosrUser" data-provider="Data" finished-at="2023-06-13T09:36:43 MDT" duration-ms="1905" status="PASS">
          <params>
            <param index="0">
              <value>
                <![CDATA[1010]]>
              </value>
            </param>
            <param index="1">
              <value>
                <![CDATA[testuser1]]>
              </value>
            </param>
            <param index="2">
              <value>
                <![CDATA[John]]>
              </value>
            </param>
            <param index="3">
              <value>
                <![CDATA[Canedy]]>
              </value>
            </param>
            <param index="4">
              <value>
                <![CDATA[a@gmail.com]]>
              </value>
            </param>
            <param index="5">
              <value>
                <![CDATA[test@1]]>
              </value>
            </param>
            <param index="6">
              <value>
                <![CDATA[1234567897]]>
              </value>
            </param>
          </params>
          <reporter-output>
          </reporter-output>
        </test-method> <!-- testPosrUser -->
        <test-method signature="testPosrUser(java.lang.String,java.lang.String,java.lang.String,java.lang.String,java.lang.String,java.lang.String,java.lang.String)[pri:1, instance:api.test.DDTests@13b13b5d]" started-at="2023-06-13T09:36:43 MDT" name="testPosrUser" data-provider="Data" finished-at="2023-06-13T09:36:43 MDT" duration-ms="336" status="PASS">
          <params>
            <param index="0">
              <value>
                <![CDATA[1020]]>
              </value>
            </param>
            <param index="1">
              <value>
                <![CDATA[testuser2]]>
              </value>
            </param>
            <param index="2">
              <value>
                <![CDATA[Kim]]>
              </value>
            </param>
            <param index="3">
              <value>
                <![CDATA[Kom]]>
              </value>
            </param>
            <param index="4">
              <value>
                <![CDATA[b@gmail.com]]>
              </value>
            </param>
            <param index="5">
              <value>
                <![CDATA[test@2]]>
              </value>
            </param>
            <param index="6">
              <value>
                <![CDATA[1234567898]]>
              </value>
            </param>
          </params>
          <reporter-output>
          </reporter-output>
        </test-method> <!-- testPosrUser -->
        <test-method signature="testPosrUser(java.lang.String,java.lang.String,java.lang.String,java.lang.String,java.lang.String,java.lang.String,java.lang.String)[pri:1, instance:api.test.DDTests@13b13b5d]" started-at="2023-06-13T09:36:43 MDT" name="testPosrUser" data-provider="Data" finished-at="2023-06-13T09:36:43 MDT" duration-ms="332" status="PASS">
          <params>
            <param index="0">
              <value>
                <![CDATA[1030]]>
              </value>
            </param>
            <param index="1">
              <value>
                <![CDATA[testuser3]]>
              </value>
            </param>
            <param index="2">
              <value>
                <![CDATA[Smith]]>
              </value>
            </param>
            <param index="3">
              <value>
                <![CDATA[Steve]]>
              </value>
            </param>
            <param index="4">
              <value>
                <![CDATA[c@gmail.com]]>
              </value>
            </param>
            <param index="5">
              <value>
                <![CDATA[test@3]]>
              </value>
            </param>
            <param index="6">
              <value>
                <![CDATA[1234567899]]>
              </value>
            </param>
          </params>
          <reporter-output>
          </reporter-output>
        </test-method> <!-- testPosrUser -->
        <test-method signature="testGetUserByName(java.lang.String)[pri:2, instance:api.test.DDTests@13b13b5d]" started-at="2023-06-13T09:36:44 MDT" name="testGetUserByName" data-provider="UserNames" finished-at="2023-06-13T09:36:44 MDT" duration-ms="353" status="PASS">
          <params>
            <param index="0">
              <value>
                <![CDATA[testuser1]]>
              </value>
            </param>
          </params>
          <reporter-output>
          </reporter-output>
        </test-method> <!-- testGetUserByName -->
        <test-method signature="testGetUserByName(java.lang.String)[pri:2, instance:api.test.DDTests@13b13b5d]" started-at="2023-06-13T09:36:44 MDT" name="testGetUserByName" data-provider="UserNames" finished-at="2023-06-13T09:36:44 MDT" duration-ms="343" status="PASS">
          <params>
            <param index="0">
              <value>
                <![CDATA[testuser2]]>
              </value>
            </param>
          </params>
          <reporter-output>
          </reporter-output>
        </test-method> <!-- testGetUserByName -->
        <test-method signature="testGetUserByName(java.lang.String)[pri:2, instance:api.test.DDTests@13b13b5d]" started-at="2023-06-13T09:36:44 MDT" name="testGetUserByName" data-provider="UserNames" finished-at="2023-06-13T09:36:45 MDT" duration-ms="331" status="PASS">
          <params>
            <param index="0">
              <value>
                <![CDATA[testuser3]]>
              </value>
            </param>
          </params>
          <reporter-output>
          </reporter-output>
        </test-method> <!-- testGetUserByName -->
        <test-method signature="testDeleteUserByName(java.lang.String)[pri:3, instance:api.test.DDTests@13b13b5d]" started-at="2023-06-13T09:36:45 MDT" name="testDeleteUserByName" data-provider="UserNames" finished-at="2023-06-13T09:36:45 MDT" duration-ms="331" status="PASS">
          <params>
            <param index="0">
              <value>
                <![CDATA[testuser1]]>
              </value>
            </param>
          </params>
          <reporter-output>
          </reporter-output>
        </test-method> <!-- testDeleteUserByName -->
        <test-method signature="testDeleteUserByName(java.lang.String)[pri:3, instance:api.test.DDTests@13b13b5d]" started-at="2023-06-13T09:36:45 MDT" name="testDeleteUserByName" data-provider="UserNames" finished-at="2023-06-13T09:36:45 MDT" duration-ms="324" status="PASS">
          <params>
            <param index="0">
              <value>
                <![CDATA[testuser2]]>
              </value>
            </param>
          </params>
          <reporter-output>
          </reporter-output>
        </test-method> <!-- testDeleteUserByName -->
        <test-method signature="testDeleteUserByName(java.lang.String)[pri:3, instance:api.test.DDTests@13b13b5d]" started-at="2023-06-13T09:36:45 MDT" name="testDeleteUserByName" data-provider="UserNames" finished-at="2023-06-13T09:36:46 MDT" duration-ms="319" status="PASS">
          <params>
            <param index="0">
              <value>
                <![CDATA[testuser3]]>
              </value>
            </param>
          </params>
          <reporter-output>
          </reporter-output>
        </test-method> <!-- testDeleteUserByName -->
      </class> <!-- api.test.DDTests -->
    </test> <!-- Surefire test -->
  </suite> <!-- Surefire suite -->
</testng-results>
