<?xml version="1.0" encoding="UTF-8"?>
<testng-results ignored="0" total="4" passed="4" failed="0" skipped="0">
  <reporter-output>
  </reporter-output>
  <suite started-at="2023-06-12T11:51:29 MDT" name="PetTests" finished-at="2023-06-12T11:51:33 MDT" duration-ms="4274">
    <groups>
    </groups>
    <test started-at="2023-06-12T11:51:29 MDT" name="SmokeTest" finished-at="2023-06-12T11:51:33 MDT" duration-ms="4274">
      <class name="api.test.UserTests2">
        <test-method is-config="true" signature="setup()[pri:0, instance:api.test.UserTests2@55634720]" started-at="2023-06-12T11:51:29 MDT" name="setup" finished-at="2023-06-12T11:51:29 MDT" duration-ms="464" status="PASS">
          <reporter-output>
          </reporter-output>
        </test-method> <!-- setup -->
        <test-method signature="TestPostUser()[pri:1, instance:api.test.UserTests2@55634720]" started-at="2023-06-12T11:51:29 MDT" name="TestPostUser" finished-at="2023-06-12T11:51:32 MDT" duration-ms="2293" status="PASS">
          <reporter-output>
          </reporter-output>
        </test-method> <!-- TestPostUser -->
        <test-method signature="testGetUserByName()[pri:2, instance:api.test.UserTests2@55634720]" started-at="2023-06-12T11:51:32 MDT" name="testGetUserByName" finished-at="2023-06-12T11:51:32 MDT" duration-ms="354" status="PASS">
          <reporter-output>
          </reporter-output>
        </test-method> <!-- testGetUserByName -->
        <test-method signature="testUpdateUserBeName()[pri:3, instance:api.test.UserTests2@55634720]" started-at="2023-06-12T11:51:32 MDT" name="testUpdateUserBeName" finished-at="2023-06-12T11:51:33 MDT" duration-ms="650" status="PASS">
          <reporter-output>
          </reporter-output>
        </test-method> <!-- testUpdateUserBeName -->
        <test-method signature="testDeleteUserByName()[pri:4, instance:api.test.UserTests2@55634720]" started-at="2023-06-12T11:51:33 MDT" name="testDeleteUserByName" finished-at="2023-06-12T11:51:33 MDT" duration-ms="333" status="PASS">
          <reporter-output>
          </reporter-output>
        </test-method> <!-- testDeleteUserByName -->
      </class> <!-- api.test.UserTests2 -->
    </test> <!-- SmokeTest -->
  </suite> <!-- PetTests -->
</testng-results>
